-------------------------------------------------------------------------------
Test set: com.example.team3_admin.Team3AdminApplicationTests
-------------------------------------------------------------------------------
Tests run: 1, Failures: 0, Errors: 1, Skipped: 0, Time elapsed: 0.38 s <<< FAILURE! - in com.example.team3_admin.Team3AdminApplicationTests
com.example.team3_admin.Team3AdminApplicationTests  Time elapsed: 0.378 s  <<< ERROR!
java.lang.IllegalStateException: Unable to find a @SpringBootConfiguration, you need to use @ContextConfiguration or @SpringBootTest(classes=...) with your test

